<?xml version="1.0" encoding="UTF-8"?>
<!-- Generated by org.testng.reporters.JUnitReportReporter -->
<testsuite hostname="DESKTOP-A7PUH0H" failures="0" tests="2" name="com.M10.tests.CalculatorServiceTest" time="0.018" errors="0" timestamp="2024-08-07T11:17:16 IST" skipped="0">
  <testcase classname="com.M10.tests.CalculatorServiceTest" name="testSubtract" time="0.001"/>
  <system-out/>
  <testcase classname="com.M10.tests.CalculatorServiceTest" name="testAdd" time="0.017"/>
  <system-out/>
</testsuite> <!-- com.M10.tests.CalculatorServiceTest -->
